<?xml version="1.0" encoding="UTF-8"?>
<testsuite xmlns:xsi="http://www.w3.org/2001/XMLSchema-instance" xsi:noNamespaceSchemaLocation="https://maven.apache.org/surefire/maven-surefire-plugin/xsd/surefire-test-report.xsd" version="3.0.2" name="com.backend.streetmed_backend.StreetMedBackendApplicationTests" time="6.335" tests="1" errors="0" skipped="0" failures="0">
  <properties>
[...]
</properties>
  <testcase name="contextLoads" classname="com.backend.streetmed_backend.StreetMedBackendApplicationTests" time="0.416">
    <system-out><![CDATA[22:44:44.939 [main] INFO org.springframework.test.context.support.AnnotationConfigContextLoaderUtils -- Could not detect default configuration classes for test class [com.backend.streetmed_backend.StreetMedBackendApplicationTests]: StreetMedBackendApplicationTests does not declare any static, non-private, non-final, nested classes annotated with @Configuration.
22:44:45.065 [main] INFO org.springframework.boot.test.context.SpringBootTestContextBootstrapper -- Found @SpringBootConfiguration com.backend.streetmed_backend.StreetMedBackendApplication for test class com.backend.streetmed_backend.StreetMedBackendApplicationTests
22:44:45.210 [main] INFO org.springframework.boot.devtools.restart.RestartApplicationListener -- Restart disabled due to context in which it is running

  .   ____          _            __ _ _
 /\\ / ___'_ __ _ _(_)_ __  __ _ \ \ \ \
( ( )\___ | '_ | '_| | '_ \/ _` | \ \ \ \
 \\/  ___)| |_)| | | | | || (_| |  ) ) ) )
  '  |____| .__|_| |_|_| |_\__, | / / / /
 =========|_|==============|___/=/_/_/_/

 :: Spring Boot ::                (v3.4.2)

2025-03-09T22:44:45.539-04:00  INFO 14168 --- [StreetMed_Backend] [           main] c.b.s.StreetMedBackendApplicationTests   : Starting StreetMedBackendApplicationTests using Java 23.0.2 with PID 14168 (started by shank in C:\Users\shank\source\repos\PittStreetMedicine-Capstone\src\Backend)
2025-03-09T22:44:45.540-04:00  INFO 14168 --- [StreetMed_Backend] [           main] c.b.s.StreetMedBackendApplicationTests   : No active profile set, falling back to 1 default profile: "default"
2025-03-09T22:44:46.365-04:00  INFO 14168 --- [StreetMed_Backend] [           main] .s.d.r.c.RepositoryConfigurationDelegate : Bootstrapping Spring Data JPA repositories in DEFAULT mode.
2025-03-09T22:44:46.432-04:00  INFO 14168 --- [StreetMed_Backend] [           main] .s.d.r.c.RepositoryConfigurationDelegate : Finished Spring Data repository scanning in 51 ms. Found 4 JPA repository interfaces.
2025-03-09T22:44:46.537-04:00  WARN 14168 --- [StreetMed_Backend] [           main] o.m.s.mapper.ClassPathMapperScanner      : No MyBatis mapper was found in '[com.backend.streetmed_backend]' package. Please check your configuration.
2025-03-09T22:44:46.833-04:00 DEBUG 14168 --- [StreetMed_Backend] [           main] com.zaxxer.hikari.HikariConfig           : Driver class org.sqlite.JDBC found in Thread context class loader jdk.internal.loader.ClassLoaders$AppClassLoader@70dea4e
2025-03-09T22:44:47.082-04:00  INFO 14168 --- [StreetMed_Backend] [           main] o.hibernate.jpa.internal.util.LogHelper  : HHH000204: Processing PersistenceUnitInfo [name: default]
2025-03-09T22:44:47.183-04:00  INFO 14168 --- [StreetMed_Backend] [           main] org.hibernate.Version                    : HHH000412: Hibernate ORM core version 6.6.5.Final
2025-03-09T22:44:47.208-04:00  INFO 14168 --- [StreetMed_Backend] [           main] o.h.c.internal.RegionFactoryInitiator    : HHH000026: Second-level cache disabled
2025-03-09T22:44:47.603-04:00  INFO 14168 --- [StreetMed_Backend] [           main] o.s.o.j.p.SpringPersistenceUnitInfo      : No LoadTimeWeaver setup: ignoring JPA class transformer
2025-03-09T22:44:47.663-04:00 DEBUG 14168 --- [StreetMed_Backend] [           main] com.zaxxer.hikari.HikariConfig           : SQLiteHikariCP - configuration:
2025-03-09T22:44:47.669-04:00 DEBUG 14168 --- [StreetMed_Backend] [           main] com.zaxxer.hikari.HikariConfig           : allowPoolSuspension.............false
2025-03-09T22:44:47.670-04:00 DEBUG 14168 --- [StreetMed_Backend] [           main] com.zaxxer.hikari.HikariConfig           : autoCommit......................true
2025-03-09T22:44:47.670-04:00 DEBUG 14168 --- [StreetMed_Backend] [           main] com.zaxxer.hikari.HikariConfig           : catalog.........................none
2025-03-09T22:44:47.670-04:00 DEBUG 14168 --- [StreetMed_Backend] [           main] com.zaxxer.hikari.HikariConfig           : connectionInitSql...............none
2025-03-09T22:44:47.671-04:00 DEBUG 14168 --- [StreetMed_Backend] [           main] com.zaxxer.hikari.HikariConfig           : connectionTestQuery.............none
2025-03-09T22:44:47.671-04:00 DEBUG 14168 --- [StreetMed_Backend] [           main] com.zaxxer.hikari.HikariConfig           : connectionTimeout...............20000
2025-03-09T22:44:47.671-04:00 DEBUG 14168 --- [StreetMed_Backend] [           main] com.zaxxer.hikari.HikariConfig           : dataSource......................none
2025-03-09T22:44:47.672-04:00 DEBUG 14168 --- [StreetMed_Backend] [           main] com.zaxxer.hikari.HikariConfig           : dataSourceClassName.............none
2025-03-09T22:44:47.672-04:00 DEBUG 14168 --- [StreetMed_Backend] [           main] com.zaxxer.hikari.HikariConfig           : dataSourceJNDI..................none
2025-03-09T22:44:47.672-04:00 DEBUG 14168 --- [StreetMed_Backend] [           main] com.zaxxer.hikari.HikariConfig           : dataSourceProperties............{password=<masked>}
2025-03-09T22:44:47.673-04:00 DEBUG 14168 --- [StreetMed_Backend] [           main] com.zaxxer.hikari.HikariConfig           : driverClassName................."org.sqlite.JDBC"
2025-03-09T22:44:47.673-04:00 DEBUG 14168 --- [StreetMed_Backend] [           main] com.zaxxer.hikari.HikariConfig           : exceptionOverrideClassName......none
2025-03-09T22:44:47.673-04:00 DEBUG 14168 --- [StreetMed_Backend] [           main] com.zaxxer.hikari.HikariConfig           : healthCheckProperties...........{}
2025-03-09T22:44:47.674-04:00 DEBUG 14168 --- [StreetMed_Backend] [           main] com.zaxxer.hikari.HikariConfig           : healthCheckRegistry.............none
2025-03-09T22:44:47.675-04:00 DEBUG 14168 --- [StreetMed_Backend] [           main] com.zaxxer.hikari.HikariConfig           : idleTimeout.....................300000
2025-03-09T22:44:47.675-04:00 DEBUG 14168 --- [StreetMed_Backend] [           main] com.zaxxer.hikari.HikariConfig           : initializationFailTimeout.......1
2025-03-09T22:44:47.676-04:00 DEBUG 14168 --- [StreetMed_Backend] [           main] com.zaxxer.hikari.HikariConfig           : isolateInternalQueries..........false
2025-03-09T22:44:47.676-04:00 DEBUG 14168 --- [StreetMed_Backend] [           main] com.zaxxer.hikari.HikariConfig           : jdbcUrl.........................jdbc:sqlite:auth_db.sqlite
2025-03-09T22:44:47.676-04:00 DEBUG 14168 --- [StreetMed_Backend] [           main] com.zaxxer.hikari.HikariConfig           : keepaliveTime...................0
2025-03-09T22:44:47.676-04:00 DEBUG 14168 --- [StreetMed_Backend] [           main] com.zaxxer.hikari.HikariConfig           : leakDetectionThreshold..........0
2025-03-09T22:44:47.677-04:00 DEBUG 14168 --- [StreetMed_Backend] [           main] com.zaxxer.hikari.HikariConfig           : maxLifetime.....................1800000
2025-03-09T22:44:47.677-04:00 DEBUG 14168 --- [StreetMed_Backend] [           main] com.zaxxer.hikari.HikariConfig           : maximumPoolSize.................5
2025-03-09T22:44:47.677-04:00 DEBUG 14168 --- [StreetMed_Backend] [           main] com.zaxxer.hikari.HikariConfig           : metricRegistry..................none
2025-03-09T22:44:47.678-04:00 DEBUG 14168 --- [StreetMed_Backend] [           main] com.zaxxer.hikari.HikariConfig           : metricsTrackerFactory...........none
2025-03-09T22:44:47.678-04:00 DEBUG 14168 --- [StreetMed_Backend] [           main] com.zaxxer.hikari.HikariConfig           : minimumIdle.....................2
2025-03-09T22:44:47.678-04:00 DEBUG 14168 --- [StreetMed_Backend] [           main] com.zaxxer.hikari.HikariConfig           : password........................<masked>
2025-03-09T22:44:47.678-04:00 DEBUG 14168 --- [StreetMed_Backend] [           main] com.zaxxer.hikari.HikariConfig           : poolName........................"SQLiteHikariCP"
2025-03-09T22:44:47.678-04:00 DEBUG 14168 --- [StreetMed_Backend] [           main] com.zaxxer.hikari.HikariConfig           : readOnly........................false
2025-03-09T22:44:47.679-04:00 DEBUG 14168 --- [StreetMed_Backend] [           main] com.zaxxer.hikari.HikariConfig           : registerMbeans..................false
2025-03-09T22:44:47.679-04:00 DEBUG 14168 --- [StreetMed_Backend] [           main] com.zaxxer.hikari.HikariConfig           : scheduledExecutor...............none
2025-03-09T22:44:47.679-04:00 DEBUG 14168 --- [StreetMed_Backend] [           main] com.zaxxer.hikari.HikariConfig           : schema..........................none
2025-03-09T22:44:47.679-04:00 DEBUG 14168 --- [StreetMed_Backend] [           main] com.zaxxer.hikari.HikariConfig           : threadFactory...................internal
2025-03-09T22:44:47.680-04:00 DEBUG 14168 --- [StreetMed_Backend] [           main] com.zaxxer.hikari.HikariConfig           : transactionIsolation............default
2025-03-09T22:44:47.680-04:00 DEBUG 14168 --- [StreetMed_Backend] [           main] com.zaxxer.hikari.HikariConfig           : username........................none
2025-03-09T22:44:47.681-04:00 DEBUG 14168 --- [StreetMed_Backend] [           main] com.zaxxer.hikari.HikariConfig           : validationTimeout...............5000
2025-03-09T22:44:47.681-04:00  INFO 14168 --- [StreetMed_Backend] [           main] com.zaxxer.hikari.HikariDataSource       : SQLiteHikariCP - Starting...
2025-03-09T22:44:47.807-04:00  INFO 14168 --- [StreetMed_Backend] [           main] com.zaxxer.hikari.pool.HikariPool        : SQLiteHikariCP - Added connection org.sqlite.jdbc4.JDBC4Connection@3b39e79b
2025-03-09T22:44:47.809-04:00  INFO 14168 --- [StreetMed_Backend] [           main] com.zaxxer.hikari.HikariDataSource       : SQLiteHikariCP - Start completed.
2025-03-09T22:44:47.853-04:00  INFO 14168 --- [StreetMed_Backend] [           main] org.hibernate.orm.connections.pooling    : HHH10001005: Database info:
	Database JDBC URL [Connecting through datasource 'HikariDataSource (SQLiteHikariCP)']
	Database driver: undefined/unknown
	Database version: 3.42
	Autocommit mode: undefined/unknown
	Isolation level: undefined/unknown
	Minimum pool size: undefined/unknown
	Maximum pool size: undefined/unknown
2025-03-09T22:44:47.910-04:00 DEBUG 14168 --- [StreetMed_Backend] [iCP housekeeper] com.zaxxer.hikari.pool.HikariPool        : SQLiteHikariCP - Before cleanup stats (total=1, active=0, idle=1, waiting=0)
2025-03-09T22:44:47.911-04:00 DEBUG 14168 --- [StreetMed_Backend] [iCP housekeeper] com.zaxxer.hikari.pool.HikariPool        : SQLiteHikariCP - After cleanup  stats (total=1, active=0, idle=1, waiting=0)
2025-03-09T22:44:47.912-04:00 DEBUG 14168 --- [StreetMed_Backend] [onnection adder] com.zaxxer.hikari.pool.HikariPool        : SQLiteHikariCP - Added connection org.sqlite.jdbc4.JDBC4Connection@61646bd0
2025-03-09T22:44:47.944-04:00 DEBUG 14168 --- [StreetMed_Backend] [onnection adder] com.zaxxer.hikari.pool.HikariPool        : SQLiteHikariCP - After adding stats (total=2, active=0, idle=2, waiting=0)
2025-03-09T22:44:48.687-04:00  INFO 14168 --- [StreetMed_Backend] [           main] j.LocalContainerEntityManagerFactoryBean : Initialized JPA EntityManagerFactory for persistence unit 'default'
2025-03-09T22:44:50.668-04:00  INFO 14168 --- [StreetMed_Backend] [           main] c.b.s.StreetMedBackendApplicationTests   : Started StreetMedBackendApplicationTests in 5.472 seconds (process running for 6.402)
]]></system-out>
    <system-err><![CDATA[Mockito is currently self-attaching to enable the inline-mock-maker. This will no longer work in future releases of the JDK. Please add Mockito as an agent to your build what is described in Mockito's documentation: https://javadoc.io/doc/org.mockito/mockito-core/latest/org/mockito/Mockito.html#0.3
WARNING: A Java agent has been loaded dynamically (C:\Users\shank\.m2\repository\net\bytebuddy\byte-buddy-agent\1.15.11\byte-buddy-agent-1.15.11.jar)
WARNING: If a serviceability tool is in use, please run with -XX:+EnableDynamicAgentLoading to hide this warning
WARNING: If a serviceability tool is not in use, please run with -Djdk.instrument.traceUsage for more information
WARNING: Dynamic loading of agents will be disallowed by default in a future release
]]></system-err>
  </testcase>
</testsuite>